\BOOKMARK [0][-]{chapter*.1}{\376\377\000P\000r\000o\000l\000o\000g\000\040\000d\000e\000s\000\040\000A\000u\000t\000o\000r\000s}{}% 1
\BOOKMARK [0][-]{chapter.1}{\376\377\000P\000r\000a\000e\000f\000a\000t\000i\000o}{}% 2
\BOOKMARK [0][-]{chapter.2}{\376\377\000L\000e\000b\000e\000n\000\040\000i\000n\000\040\000O\000e\000s\000t\000e\000r\000r\000\356\000c\000h\000e}{}% 3
\BOOKMARK [1][-]{section.2.1}{\376\377\000V\000o\000n\000\040\000d\000e\000m\000\040\000G\000e\000s\000c\000h\000l\000e\000c\000h\000t\000\040\000d\000e\000r\000\040\000O\000t\000t\000e\000n\000s\000t\000e\000i\000n\000e\000r}{chapter.2}% 4
\BOOKMARK [1][-]{section.2.2}{\376\377\000V\000o\000n\000\040\000K\000u\000o\000n\000r\000\342\000t\000s\000\040\000G\000e\000b\000u\000r\000t\000\040\000u\000n\000d\000\040\000s\000e\000i\000n\000e\000r\000\040\000f\000r\000\374\000h\000e\000n\000\040\000J\000u\000g\000e\000n\000d}{chapter.2}% 5
\BOOKMARK [1][-]{section.2.3}{\376\377\000V\000o\000n\000\040\000K\000u\000o\000n\000r\000\342\000t\000s\000\040\000v\000i\000e\000r\000z\000e\000h\000n\000t\000e\000m\000\040\000J\000a\000h\000r\000e}{chapter.2}% 6
\BOOKMARK [1][-]{section.2.4}{\376\377\000V\000o\000n\000\040\000K\000u\000o\000n\000r\000\342\000t\000s\000\040\000A\000n\000k\000u\000n\000f\000t\000\040\000a\000u\000f\000\040\000B\000u\000r\000g\000\040\000H\000a\000r\000d\000e\000g\000g}{chapter.2}% 7
\BOOKMARK [1][-]{section.2.5}{\376\377\000V\000o\000n\000\040\000K\000u\000o\000n\000r\000\342\000t\000s\000\040\000D\000i\000e\000n\000s\000t\000\040\000a\000m\000\040\000H\000o\000f\000e\000\040\000v\000o\000n\000\040\000H\000a\000r\000d\000e\000g\000g}{chapter.2}% 8
\BOOKMARK [1][-]{section.2.6}{\376\377\000V\000o\000n\000\040\000d\000e\000m\000\040\000T\000h\000a\000y\000a\000\040\000W\000a\000s\000s\000e\000r\000m\000a\000n\000n}{chapter.2}% 9
\BOOKMARK [1][-]{section.2.7}{\376\377\000V\000o\000n\000\040\000K\000u\000o\000n\000r\000\342\000t\000s\000\040\000V\000e\000r\000l\000a\000n\000g\000e\000n\000\040\000u\000n\000d\000\040\000s\000e\000i\000n\000e\000n\000\040\000h\000e\000i\000m\000l\000i\000c\000h\000e\000n\000\040\000T\000r\000e\000f\000f\000e\000n}{chapter.2}% 10
\BOOKMARK [1][-]{section.2.8}{\376\377\000V\000o\000n\000\040\000d\000e\000r\000\040\000S\000c\000h\000w\000a\000r\000z\000e\000n\000\040\000F\000r\000a\000u\000\040\000v\000o\000n\000\040\000H\000a\000r\000d\000e\000g\000g}{chapter.2}% 11
\BOOKMARK [1][-]{section.2.9}{\376\377\000V\000o\000n\000\040\000K\000u\000o\000n\000r\000\342\000t\000s\000\040\000F\000r\000a\000u\000e\000n\000r\000a\000u\000b\000\040\000v\000o\000r\000\040\000Z\000n\000a\000i\000m}{chapter.2}% 12
\BOOKMARK [1][-]{section.2.10}{\376\377\000V\000o\000n\000\040\000K\000u\000o\000n\000r\000\342\000t\000s\000\040\000S\000t\000r\000e\000i\000t\000\040\000v\000o\000r\000\040\000d\000e\000m\000\040\000R\000a\000t\000\040\000z\000u\000\040\000Z\000n\000a\000i\000m}{chapter.2}% 13
\BOOKMARK [0][-]{section*.3}{\376\377\000G\000l\000o\000s\000s\000a\000r}{}% 14
\BOOKMARK [0][-]{section*.5}{\376\377\000C\000h\000a\000r\000a\000k\000t\000e\000r\000e}{}% 15
\BOOKMARK [0][-]{chapter.3}{\376\377\000A\000p\000p\000e\000n\000d\000i\000x}{}% 16
\BOOKMARK [1][-]{section.3.1}{\376\377\000H\000i\000s\000t\000o\000r\000i\000s\000c\000h\000e\000r\000\040\000K\000o\000n\000t\000e\000x\000t}{chapter.3}% 17
\BOOKMARK [2][-]{subsection.3.1.1}{\376\377\000D\000e\000u\000t\000s\000c\000h\000e\000r\000\040\000O\000r\000d\000e\000n}{section.3.1}% 18
\BOOKMARK [2][-]{subsection.3.1.2}{\376\377\000D\000a\000s\000\040\000E\000n\000d\000e\000\040\000d\000e\000r\000\040\000B\000a\000b\000e\000n\000b\000e\000r\000g\000e\000r}{section.3.1}% 19
\BOOKMARK [2][-]{subsection.3.1.3}{\376\377\000\304\000g\000y\000p\000t\000e\000n\000\040\000u\000n\000d\000\040\000d\000i\000e\000\040\000K\000r\000e\000u\000z\000z\000\374\000g\000e\000\040\000d\000e\000s\000\040\0001\0003\000.\000\040\000J\000a\000h\000r\000h\000u\000n\000d\000e\000r\000t\000s}{section.3.1}% 20
\BOOKMARK [2][-]{subsection.3.1.4}{\376\377\000D\000i\000e\000\040\000K\000a\000i\000s\000e\000r\000\040\000d\000e\000s\000\040\000H\000e\000i\000l\000i\000g\000e\000n\000\040\000R\000\366\000m\000i\000s\000c\000h\000e\000n\000\040\000R\000e\000i\000c\000h\000e\000s}{section.3.1}% 21
\BOOKMARK [1][-]{section.3.2}{\376\377\000C\000h\000r\000o\000n\000o\000l\000o\000g\000i\000s\000c\000h\000e\000\040\000\334\000b\000e\000r\000s\000i\000c\000h\000t}{chapter.3}% 22
\BOOKMARK [0][-]{chapter*.28}{\376\377\000L\000i\000t\000e\000r\000a\000t\000u\000r\000v\000e\000r\000z\000e\000i\000c\000h\000n\000i\000s}{}% 23
